<?xml version="1.0" encoding="UTF-8"?>
<!-- Generated by org.testng.reporters.JUnitReportReporter -->
<testsuite skipped="0" hostname="ES18MAC.local" name="basicAnnotations.Module1" tests="2" failures="0" timestamp="03 Mar 2019 07:12:17 GMT" time="0.018" errors="0">
  <testcase name="test1" time="0.014" classname="basicAnnotations.Module1"/>
  <testcase name="test2" time="0.004" classname="basicAnnotations.Module1"/>
</testsuite> <!-- basicAnnotations.Module1 -->
