<?xml version="1.0" encoding="UTF-8"?>
<!-- Generated by org.testng.reporters.JUnitReportReporter -->
<testsuite skipped="0" hostname="ES18MAC.local" name="basicAnnotations.Testing1" tests="2" failures="0" timestamp="03 Mar 2019 07:00:53 GMT" time="0.011" errors="0">
  <testcase name="test2" time="0.004" classname="basicAnnotations.Testing1"/>
  <testcase name="test1" time="0.007" classname="basicAnnotations.Testing1"/>
</testsuite> <!-- basicAnnotations.Testing1 -->
